    Finished `release` profile [optimized] target(s) in 1.25s
     Running `/local/abai/verus/source/target/release/minimize -d ./tmp /local/abai/anvil/src/anvil.d`
original verification time: 29101ms
minimization of ./tmp/1/executable_model/mod.rs is completed
minimization of ./tmp/2/executable_model/api_server.rs is completed
minimization of ./tmp/0/anvil.rs is completed
minimization of ./tmp/3/executable_model/api_server_state.rs is completed
minimization of ./tmp/5/executable_model/object_map.rs is completed
minimization of ./tmp/6/executable_model/object_ref_set.rs is completed
minimization of ./tmp/11/external_api/spec.rs is completed
minimization of ./tmp/10/external_api/exec.rs is completed
minimization of ./tmp/8/executable_model/string_set.rs is completed
minimization of ./tmp/7/executable_model/prelude.rs is completed
minimization of ./tmp/9/external_api/mod.rs is completed
minimization of ./tmp/12/kubernetes_api_objects/mod.rs is completed
minimization of ./tmp/13/kubernetes_api_objects/error.rs is completed
minimization of ./tmp/17/kubernetes_api_objects/exec/api_resource.rs is completed
minimization of ./tmp/15/kubernetes_api_objects/exec/affinity.rs is completed
minimization of ./tmp/16/kubernetes_api_objects/exec/api_method.rs is completed
minimization of ./tmp/14/kubernetes_api_objects/exec/mod.rs is completed
minimization of ./tmp/18/kubernetes_api_objects/exec/common.rs is completed
minimization of ./tmp/19/kubernetes_api_objects/exec/config_map.rs is completed
minimization of ./tmp/20/kubernetes_api_objects/exec/container.rs is completed
minimization of ./tmp/21/kubernetes_api_objects/exec/daemon_set.rs is completed
minimization of ./tmp/22/kubernetes_api_objects/exec/dynamic.rs is completed
minimization of ./tmp/23/kubernetes_api_objects/exec/label_selector.rs is completed
minimization of ./tmp/24/kubernetes_api_objects/exec/object_meta.rs is completed
minimization of ./tmp/25/kubernetes_api_objects/exec/owner_reference.rs is completed
minimization of ./tmp/28/kubernetes_api_objects/exec/pod_template_spec.rs is completed
minimization of ./tmp/29/kubernetes_api_objects/exec/preconditions.rs is completed
minimization of ./tmp/30/kubernetes_api_objects/exec/prelude.rs is completed
minimization of ./tmp/26/kubernetes_api_objects/exec/persistent_volume_claim.rs is completed
minimization of ./tmp/27/kubernetes_api_objects/exec/pod.rs is completed
minimization of ./tmp/31/kubernetes_api_objects/exec/resource.rs is completed
minimization of ./tmp/32/kubernetes_api_objects/exec/resource_requirements.rs is completed
minimization of ./tmp/33/kubernetes_api_objects/exec/role.rs is completed
minimization of ./tmp/34/kubernetes_api_objects/exec/role_binding.rs is completed
minimization of ./tmp/35/kubernetes_api_objects/exec/secret.rs is completed
minimization of ./tmp/36/kubernetes_api_objects/exec/service.rs is completed
minimization of ./tmp/37/kubernetes_api_objects/exec/service_account.rs is completed
minimization of ./tmp/39/kubernetes_api_objects/exec/toleration.rs is completed
minimization of ./tmp/38/kubernetes_api_objects/exec/stateful_set.rs is completed
minimization of ./tmp/41/kubernetes_api_objects/exec/volume_resource_requirements.rs is completed
minimization of ./tmp/40/kubernetes_api_objects/exec/volume.rs is completed
commenting out line Lines { lines: 470..=470 } in "./tmp/4/executable_model/common.rs"
verus succeeded with time: 31927ms, keeping it commented out
minimization of ./tmp/42/kubernetes_api_objects/spec/mod.rs is completed
commenting out line Lines { lines: 471..=471 } in "./tmp/4/executable_model/common.rs"
verus succeeded with time: 32032ms, keeping it commented out
commenting out line Lines { lines: 486..=486 } in "./tmp/4/executable_model/common.rs"
verus failed with time: 32205ms, reverting
minimization of ./tmp/4/executable_model/common.rs is completed
minimization of ./tmp/43/kubernetes_api_objects/spec/affinity.rs is completed
minimization of ./tmp/44/kubernetes_api_objects/spec/api_method.rs is completed
minimization of ./tmp/45/kubernetes_api_objects/spec/api_resource.rs is completed
minimization of ./tmp/47/kubernetes_api_objects/spec/config_map.rs is completed
minimization of ./tmp/46/kubernetes_api_objects/spec/common.rs is completed
minimization of ./tmp/48/kubernetes_api_objects/spec/container.rs is completed
minimization of ./tmp/49/kubernetes_api_objects/spec/daemon_set.rs is completed
minimization of ./tmp/50/kubernetes_api_objects/spec/dynamic.rs is completed
minimization of ./tmp/52/kubernetes_api_objects/spec/object_meta.rs is completed
minimization of ./tmp/51/kubernetes_api_objects/spec/label_selector.rs is completed
minimization of ./tmp/53/kubernetes_api_objects/spec/owner_reference.rs is completed
minimization of ./tmp/54/kubernetes_api_objects/spec/persistent_volume_claim.rs is completed
minimization of ./tmp/55/kubernetes_api_objects/spec/pod.rs is completed
minimization of ./tmp/56/kubernetes_api_objects/spec/pod_template_spec.rs is completed
minimization of ./tmp/57/kubernetes_api_objects/spec/preconditions.rs is completed
minimization of ./tmp/58/kubernetes_api_objects/spec/prelude.rs is completed
minimization of ./tmp/59/kubernetes_api_objects/spec/resource.rs is completed
minimization of ./tmp/60/kubernetes_api_objects/spec/resource_requirements.rs is completed
minimization of ./tmp/61/kubernetes_api_objects/spec/role.rs is completed
minimization of ./tmp/62/kubernetes_api_objects/spec/role_binding.rs is completed
minimization of ./tmp/63/kubernetes_api_objects/spec/secret.rs is completed
minimization of ./tmp/64/kubernetes_api_objects/spec/service.rs is completed
minimization of ./tmp/66/kubernetes_api_objects/spec/stateful_set.rs is completed
minimization of ./tmp/65/kubernetes_api_objects/spec/service_account.rs is completed
minimization of ./tmp/67/kubernetes_api_objects/spec/toleration.rs is completed
minimization of ./tmp/68/kubernetes_api_objects/spec/volume.rs is completed
minimization of ./tmp/69/kubernetes_api_objects/spec/volume_resource_requirements.rs is completed
minimization of ./tmp/70/kubernetes_cluster/mod.rs is completed
minimization of ./tmp/71/kubernetes_cluster/proof/mod.rs is completed
minimization of ./tmp/73/kubernetes_cluster/proof/api_server_safety.rs is completed
commenting out line Lines { lines: 171..=171 } in "./tmp/74/kubernetes_cluster/proof/builtin_controllers.rs"
verus failed with time: 3282ms, reverting
minimization of ./tmp/75/kubernetes_cluster/proof/cluster.rs is completed
commenting out line Lines { lines: 135..=139 } in "./tmp/72/kubernetes_cluster/proof/api_server_liveness.rs"
verus failed with time: 32517ms, reverting
commenting out line Lines { lines: 169..=172 } in "./tmp/74/kubernetes_cluster/proof/builtin_controllers.rs"
verus failed with time: 34761ms, reverting
commenting out line Lines { lines: 148..=148 } in "./tmp/72/kubernetes_cluster/proof/api_server_liveness.rs"
verus failed with time: 34309ms, reverting
commenting out line Lines { lines: 179..=179 } in "./tmp/74/kubernetes_cluster/proof/builtin_controllers.rs"
verus succeeded with time: 35240ms, keeping it commented out
commenting out line Lines { lines: 183..=183 } in "./tmp/74/kubernetes_cluster/proof/builtin_controllers.rs"
verus failed with time: 3390ms, reverting
commenting out line Lines { lines: 74..=103 } in "./tmp/76/kubernetes_cluster/proof/cluster_safety.rs"
verus failed with time: 36292ms, reverting
minimization of ./tmp/77/kubernetes_cluster/proof/controller_runtime.rs is completed
commenting out line Lines { lines: 145..=149 } in "./tmp/72/kubernetes_cluster/proof/api_server_liveness.rs"
verus failed with time: 35747ms, reverting
minimization of ./tmp/78/kubernetes_cluster/proof/controller_runtime_eventual_safety.rs is completed
commenting out line Lines { lines: 184..=184 } in "./tmp/74/kubernetes_cluster/proof/builtin_controllers.rs"
verus succeeded with time: 36391ms, keeping it commented out
commenting out line Lines { lines: 72..=104 } in "./tmp/76/kubernetes_cluster/proof/cluster_safety.rs"
verus failed with time: 36875ms, reverting
commenting out line Lines { lines: 290..=292 } in "./tmp/72/kubernetes_cluster/proof/api_server_liveness.rs"
verus failed with time: 38881ms, reverting
commenting out line Lines { lines: 346..=371 } in "./tmp/79/kubernetes_cluster/proof/controller_runtime_liveness.rs"
verus failed with time: 40124ms, reverting
commenting out line Lines { lines: 44..=44 } in "./tmp/80/kubernetes_cluster/proof/controller_runtime_safety.rs"
verus succeeded with time: 40726ms, keeping it commented out
commenting out line Lines { lines: 167..=167 } in "./tmp/76/kubernetes_cluster/proof/cluster_safety.rs"
verus succeeded with time: 40563ms, keeping it commented out
minimization of ./tmp/82/kubernetes_cluster/proof/external_api_liveness.rs is completed
commenting out line Lines { lines: 185..=185 } in "./tmp/74/kubernetes_cluster/proof/builtin_controllers.rs"
verus succeeded with time: 43026ms, keeping it commented out
commenting out line Lines { lines: 288..=293 } in "./tmp/72/kubernetes_cluster/proof/api_server_liveness.rs"
verus failed with time: 47548ms, reverting
commenting out line Lines { lines: 383..=383 } in "./tmp/79/kubernetes_cluster/proof/controller_runtime_liveness.rs"
verus failed with time: 45580ms, reverting
commenting out line Lines { lines: 115..=135 } in "./tmp/81/kubernetes_cluster/proof/daemon_set_controller.rs"
verus failed with time: 45920ms, reverting
commenting out line Lines { lines: 187..=187 } in "./tmp/74/kubernetes_cluster/proof/builtin_controllers.rs"
verus succeeded with time: 47004ms, keeping it commented out
commenting out line Lines { lines: 43..=46 } in "./tmp/80/kubernetes_cluster/proof/controller_runtime_safety.rs"
verus failed with time: 50128ms, reverting
commenting out line Lines { lines: 171..=171 } in "./tmp/76/kubernetes_cluster/proof/cluster_safety.rs"
verus succeeded with time: 50009ms, keeping it commented out
commenting out line Lines { lines: 313..=317 } in "./tmp/72/kubernetes_cluster/proof/api_server_liveness.rs"
verus failed with time: 52669ms, reverting
commenting out line Lines { lines: 41..=41 } in "./tmp/83/kubernetes_cluster/proof/message.rs"
verus succeeded with time: 49335ms, keeping it commented out
commenting out line Lines { lines: 376..=384 } in "./tmp/79/kubernetes_cluster/proof/controller_runtime_liveness.rs"
verus failed with time: 57729ms, reverting
commenting out line Lines { lines: 169..=175 } in "./tmp/81/kubernetes_cluster/proof/daemon_set_controller.rs"
verus failed with time: 51737ms, reverting
commenting out line Lines { lines: 191..=191 } in "./tmp/74/kubernetes_cluster/proof/builtin_controllers.rs"
verus succeeded with time: 50317ms, keeping it commented out
commenting out line Lines { lines: 155..=174 } in "./tmp/76/kubernetes_cluster/proof/cluster_safety.rs"
verus failed with time: 49024ms, reverting
commenting out line Lines { lines: 109..=109 } in "./tmp/80/kubernetes_cluster/proof/controller_runtime_safety.rs"
verus succeeded with time: 51746ms, keeping it commented out
commenting out line Lines { lines: 46..=46 } in "./tmp/83/kubernetes_cluster/proof/message.rs"
verus succeeded with time: 51091ms, keeping it commented out
commenting out line Lines { lines: 327..=327 } in "./tmp/72/kubernetes_cluster/proof/api_server_liveness.rs"
verus failed with time: 55639ms, reverting
commenting out line Lines { lines: 181..=181 } in "./tmp/81/kubernetes_cluster/proof/daemon_set_controller.rs"
verus failed with time: 53982ms, reverting
commenting out line Lines { lines: 457..=460 } in "./tmp/79/kubernetes_cluster/proof/controller_runtime_liveness.rs"
verus failed with time: 59679ms, reverting
commenting out line Lines { lines: 153..=175 } in "./tmp/76/kubernetes_cluster/proof/cluster_safety.rs"
verus failed with time: 52713ms, reverting
commenting out line Lines { lines: 118..=118 } in "./tmp/80/kubernetes_cluster/proof/controller_runtime_safety.rs"
verus succeeded with time: 51842ms, keeping it commented out
commenting out line Lines { lines: 174..=194 } in "./tmp/74/kubernetes_cluster/proof/builtin_controllers.rs"
verus succeeded with time: 54892ms, keeping it commented out
commenting out line Lines { lines: 47..=47 } in "./tmp/83/kubernetes_cluster/proof/message.rs"
verus succeeded with time: 51670ms, keeping it commented out
commenting out line Lines { lines: 324..=328 } in "./tmp/72/kubernetes_cluster/proof/api_server_liveness.rs"
verus failed with time: 52688ms, reverting
commenting out line Lines { lines: 216..=227 } in "./tmp/74/kubernetes_cluster/proof/builtin_controllers.rs"
verus failed with time: 49956ms, reverting
commenting out line Lines { lines: 178..=182 } in "./tmp/81/kubernetes_cluster/proof/daemon_set_controller.rs"
verus failed with time: 54508ms, reverting
commenting out line Lines { lines: 215..=215 } in "./tmp/76/kubernetes_cluster/proof/cluster_safety.rs"
verus succeeded with time: 53179ms, keeping it commented out
commenting out line Lines { lines: 121..=121 } in "./tmp/80/kubernetes_cluster/proof/controller_runtime_safety.rs"
verus succeeded with time: 53482ms, keeping it commented out
commenting out line Lines { lines: 454..=461 } in "./tmp/79/kubernetes_cluster/proof/controller_runtime_liveness.rs"
verus failed with time: 56886ms, reverting
commenting out line Lines { lines: 50..=50 } in "./tmp/83/kubernetes_cluster/proof/message.rs"
verus succeeded with time: 50812ms, keeping it commented out
commenting out line Lines { lines: 355..=355 } in "./tmp/72/kubernetes_cluster/proof/api_server_liveness.rs"
verus failed with time: 56203ms, reverting
commenting out line Lines { lines: 255..=276 } in "./tmp/74/kubernetes_cluster/proof/builtin_controllers.rs"
verus failed with time: 47563ms, reverting
commenting out line Lines { lines: 127..=127 } in "./tmp/80/kubernetes_cluster/proof/controller_runtime_safety.rs"
verus succeeded with time: 50603ms, keeping it commented out
commenting out line Lines { lines: 223..=223 } in "./tmp/81/kubernetes_cluster/proof/daemon_set_controller.rs"
verus failed with time: 51322ms, reverting
commenting out line Lines { lines: 210..=217 } in "./tmp/76/kubernetes_cluster/proof/cluster_safety.rs"
verus succeeded with time: 53986ms, keeping it commented out
commenting out line Lines { lines: 468..=468 } in "./tmp/79/kubernetes_cluster/proof/controller_runtime_liveness.rs"
verus succeeded with time: 52929ms, keeping it commented out
commenting out line Lines { lines: 51..=51 } in "./tmp/83/kubernetes_cluster/proof/message.rs"
verus succeeded with time: 52152ms, keeping it commented out
commenting out line Lines { lines: 354..=356 } in "./tmp/72/kubernetes_cluster/proof/api_server_liveness.rs"
verus failed with time: 54282ms, reverting
commenting out line Lines { lines: 287..=287 } in "./tmp/74/kubernetes_cluster/proof/builtin_controllers.rs"
verus failed with time: 48352ms, reverting
commenting out line Lines { lines: 129..=129 } in "./tmp/80/kubernetes_cluster/proof/controller_runtime_safety.rs"
verus succeeded with time: 52838ms, keeping it commented out
commenting out line Lines { lines: 222..=224 } in "./tmp/81/kubernetes_cluster/proof/daemon_set_controller.rs"
verus failed with time: 52952ms, reverting
commenting out line Lines { lines: 208..=218 } in "./tmp/76/kubernetes_cluster/proof/cluster_safety.rs"
verus succeeded with time: 52396ms, keeping it commented out
minimization of ./tmp/76/kubernetes_cluster/proof/cluster_safety.rs is completed
commenting out line Lines { lines: 470..=470 } in "./tmp/79/kubernetes_cluster/proof/controller_runtime_liveness.rs"
verus succeeded with time: 55199ms, keeping it commented out
commenting out line Lines { lines: 36..=57 } in "./tmp/83/kubernetes_cluster/proof/message.rs"
verus failed with time: 41230ms, reverting
commenting out line Lines { lines: 353..=357 } in "./tmp/72/kubernetes_cluster/proof/api_server_liveness.rs"
verus failed with time: 53399ms, reverting
commenting out line Lines { lines: 281..=288 } in "./tmp/74/kubernetes_cluster/proof/builtin_controllers.rs"
verus failed with time: 56045ms, reverting
minimization of ./tmp/74/kubernetes_cluster/proof/builtin_controllers.rs is completed
commenting out line Lines { lines: 164..=184 } in "./tmp/84/kubernetes_cluster/proof/stateful_set_controller.rs"
verus failed with time: 49362ms, reverting
commenting out line Lines { lines: 135..=135 } in "./tmp/80/kubernetes_cluster/proof/controller_runtime_safety.rs"
verus succeeded with time: 53851ms, keeping it commented out
commenting out line Lines { lines: 221..=225 } in "./tmp/81/kubernetes_cluster/proof/daemon_set_controller.rs"
verus failed with time: 54381ms, reverting
commenting out line Lines { lines: 35..=58 } in "./tmp/83/kubernetes_cluster/proof/message.rs"
verus failed with time: 44208ms, reverting
commenting out line Lines { lines: 473..=473 } in "./tmp/79/kubernetes_cluster/proof/controller_runtime_liveness.rs"
verus succeeded with time: 49726ms, keeping it commented out
commenting out line Lines { lines: 474..=474 } in "./tmp/79/kubernetes_cluster/proof/controller_runtime_liveness.rs"
verus failed with time: 6625ms, reverting
commenting out line Lines { lines: 383..=388 } in "./tmp/72/kubernetes_cluster/proof/api_server_liveness.rs"
verus failed with time: 48369ms, reverting
commenting out line Lines { lines: 114..=114 } in "./tmp/85/kubernetes_cluster/proof/validation_rule.rs"
verus succeeded with time: 48693ms, keeping it commented out
commenting out line Lines { lines: 219..=225 } in "./tmp/84/kubernetes_cluster/proof/stateful_set_controller.rs"
verus failed with time: 53424ms, reverting
commenting out line Lines { lines: 138..=138 } in "./tmp/80/kubernetes_cluster/proof/controller_runtime_safety.rs"
verus succeeded with time: 54018ms, keeping it commented out
commenting out line Lines { lines: 273..=276 } in "./tmp/81/kubernetes_cluster/proof/daemon_set_controller.rs"
verus failed with time: 53792ms, reverting
commenting out line Lines { lines: 123..=123 } in "./tmp/83/kubernetes_cluster/proof/message.rs"
verus succeeded with time: 52322ms, keeping it commented out
commenting out line Lines { lines: 462..=476 } in "./tmp/79/kubernetes_cluster/proof/controller_runtime_liveness.rs"
verus succeeded with time: 57118ms, keeping it commented out
commenting out line Lines { lines: 397..=397 } in "./tmp/72/kubernetes_cluster/proof/api_server_liveness.rs"
verus succeeded with time: 52247ms, keeping it commented out
commenting out line Lines { lines: 116..=116 } in "./tmp/85/kubernetes_cluster/proof/validation_rule.rs"
verus succeeded with time: 51023ms, keeping it commented out
commenting out line Lines { lines: 231..=231 } in "./tmp/84/kubernetes_cluster/proof/stateful_set_controller.rs"
verus failed with time: 49441ms, reverting
commenting out line Lines { lines: 146..=146 } in "./tmp/80/kubernetes_cluster/proof/controller_runtime_safety.rs"
verus succeeded with time: 49294ms, keeping it commented out
commenting out line Lines { lines: 282..=282 } in "./tmp/81/kubernetes_cluster/proof/daemon_set_controller.rs"
verus succeeded with time: 51142ms, keeping it commented out
commenting out line Lines { lines: 124..=124 } in "./tmp/83/kubernetes_cluster/proof/message.rs"
verus succeeded with time: 50787ms, keeping it commented out
commenting out line Lines { lines: 485..=488 } in "./tmp/79/kubernetes_cluster/proof/controller_runtime_liveness.rs"
verus failed with time: 56987ms, reverting
commenting out line Lines { lines: 398..=398 } in "./tmp/72/kubernetes_cluster/proof/api_server_liveness.rs"
verus failed with time: 55277ms, reverting
commenting out line Lines { lines: 117..=117 } in "./tmp/85/kubernetes_cluster/proof/validation_rule.rs"
verus succeeded with time: 48361ms, keeping it commented out
commenting out line Lines { lines: 228..=232 } in "./tmp/84/kubernetes_cluster/proof/stateful_set_controller.rs"
verus failed with time: 49290ms, reverting
commenting out line Lines { lines: 126..=126 } in "./tmp/83/kubernetes_cluster/proof/message.rs"
verus succeeded with time: 48645ms, keeping it commented out
commenting out line Lines { lines: 148..=148 } in "./tmp/80/kubernetes_cluster/proof/controller_runtime_safety.rs"
verus succeeded with time: 54001ms, keeping it commented out
commenting out line Lines { lines: 283..=283 } in "./tmp/81/kubernetes_cluster/proof/daemon_set_controller.rs"
verus failed with time: 53646ms, reverting
commenting out line Lines { lines: 482..=489 } in "./tmp/79/kubernetes_cluster/proof/controller_runtime_liveness.rs"
verus failed with time: 56062ms, reverting
commenting out line Lines { lines: 394..=399 } in "./tmp/72/kubernetes_cluster/proof/api_server_liveness.rs"
verus failed with time: 52647ms, reverting
commenting out line Lines { lines: 120..=120 } in "./tmp/85/kubernetes_cluster/proof/validation_rule.rs"
verus succeeded with time: 54105ms, keeping it commented out
commenting out line Lines { lines: 151..=151 } in "./tmp/80/kubernetes_cluster/proof/controller_runtime_safety.rs"
verus succeeded with time: 47381ms, keeping it commented out
commenting out line Lines { lines: 274..=274 } in "./tmp/84/kubernetes_cluster/proof/stateful_set_controller.rs"
verus failed with time: 54408ms, reverting
commenting out line Lines { lines: 128..=128 } in "./tmp/83/kubernetes_cluster/proof/message.rs"
verus succeeded with time: 51114ms, keeping it commented out
commenting out line Lines { lines: 279..=284 } in "./tmp/81/kubernetes_cluster/proof/daemon_set_controller.rs"
verus failed with time: 51392ms, reverting
commenting out line Lines { lines: 496..=496 } in "./tmp/79/kubernetes_cluster/proof/controller_runtime_liveness.rs"
verus succeeded with time: 52136ms, keeping it commented out
commenting out line Lines { lines: 457..=457 } in "./tmp/72/kubernetes_cluster/proof/api_server_liveness.rs"
verus succeeded with time: 48830ms, keeping it commented out
commenting out line Lines { lines: 121..=124 } in "./tmp/85/kubernetes_cluster/proof/validation_rule.rs"
verus failed with time: 50382ms, reverting
commenting out line Lines { lines: 156..=156 } in "./tmp/80/kubernetes_cluster/proof/controller_runtime_safety.rs"
verus succeeded with time: 53498ms, keeping it commented out
commenting out line Lines { lines: 273..=275 } in "./tmp/84/kubernetes_cluster/proof/stateful_set_controller.rs"
verus failed with time: 51140ms, reverting
commenting out line Lines { lines: 129..=129 } in "./tmp/83/kubernetes_cluster/proof/message.rs"
verus succeeded with time: 50930ms, keeping it commented out
commenting out line Lines { lines: 381..=381 } in "./tmp/81/kubernetes_cluster/proof/daemon_set_controller.rs"
verus succeeded with time: 53420ms, keeping it commented out
commenting out line Lines { lines: 498..=498 } in "./tmp/79/kubernetes_cluster/proof/controller_runtime_liveness.rs"
verus succeeded with time: 51469ms, keeping it commented out
commenting out line Lines { lines: 459..=459 } in "./tmp/72/kubernetes_cluster/proof/api_server_liveness.rs"
verus succeeded with time: 48798ms, keeping it commented out
commenting out line Lines { lines: 126..=126 } in "./tmp/85/kubernetes_cluster/proof/validation_rule.rs"
verus succeeded with time: 53521ms, keeping it commented out
commenting out line Lines { lines: 158..=158 } in "./tmp/80/kubernetes_cluster/proof/controller_runtime_safety.rs"
verus succeeded with time: 48822ms, keeping it commented out
commenting out line Lines { lines: 114..=135 } in "./tmp/83/kubernetes_cluster/proof/message.rs"
verus succeeded with time: 50048ms, keeping it commented out
commenting out line Lines { lines: 272..=276 } in "./tmp/84/kubernetes_cluster/proof/stateful_set_controller.rs"
verus failed with time: 54789ms, reverting
commenting out line Lines { lines: 388..=388 } in "./tmp/81/kubernetes_cluster/proof/daemon_set_controller.rs"
verus succeeded with time: 52615ms, keeping it commented out
commenting out line Lines { lines: 501..=501 } in "./tmp/79/kubernetes_cluster/proof/controller_runtime_liveness.rs"
verus succeeded with time: 53033ms, keeping it commented out
commenting out line Lines { lines: 502..=502 } in "./tmp/79/kubernetes_cluster/proof/controller_runtime_liveness.rs"
verus failed with time: 7637ms, reverting
commenting out line Lines { lines: 464..=464 } in "./tmp/72/kubernetes_cluster/proof/api_server_liveness.rs"
verus succeeded with time: 58107ms, keeping it commented out
commenting out line Lines { lines: 127..=130 } in "./tmp/85/kubernetes_cluster/proof/validation_rule.rs"
verus succeeded with time: 49977ms, keeping it commented out
commenting out line Lines { lines: 164..=164 } in "./tmp/80/kubernetes_cluster/proof/controller_runtime_safety.rs"
verus succeeded with time: 48270ms, keeping it commented out
commenting out line Lines { lines: 112..=137 } in "./tmp/83/kubernetes_cluster/proof/message.rs"
verus succeeded with time: 49363ms, keeping it commented out
commenting out line Lines { lines: 330..=333 } in "./tmp/84/kubernetes_cluster/proof/stateful_set_controller.rs"
verus failed with time: 53206ms, reverting
commenting out line Lines { lines: 393..=393 } in "./tmp/81/kubernetes_cluster/proof/daemon_set_controller.rs"
verus succeeded with time: 48435ms, keeping it commented out
commenting out line Lines { lines: 466..=466 } in "./tmp/72/kubernetes_cluster/proof/api_server_liveness.rs"
verus succeeded with time: 52481ms, keeping it commented out
commenting out line Lines { lines: 490..=504 } in "./tmp/79/kubernetes_cluster/proof/controller_runtime_liveness.rs"
verus succeeded with time: 56862ms, keeping it commented out
commenting out line Lines { lines: 167..=167 } in "./tmp/80/kubernetes_cluster/proof/controller_runtime_safety.rs"
verus succeeded with time: 52961ms, keeping it commented out
commenting out line Lines { lines: 132..=132 } in "./tmp/85/kubernetes_cluster/proof/validation_rule.rs"
verus succeeded with time: 56132ms, keeping it commented out
commenting out line Lines { lines: 188..=188 } in "./tmp/83/kubernetes_cluster/proof/message.rs"
verus succeeded with time: 53058ms, keeping it commented out
commenting out line Lines { lines: 395..=395 } in "./tmp/81/kubernetes_cluster/proof/daemon_set_controller.rs"
verus succeeded with time: 50000ms, keeping it commented out
commenting out line Lines { lines: 339..=339 } in "./tmp/84/kubernetes_cluster/proof/stateful_set_controller.rs"
verus succeeded with time: 52049ms, keeping it commented out
commenting out line Lines { lines: 433..=509 } in "./tmp/79/kubernetes_cluster/proof/controller_runtime_liveness.rs"
verus failed with time: 52600ms, reverting
commenting out line Lines { lines: 470..=470 } in "./tmp/72/kubernetes_cluster/proof/api_server_liveness.rs"
verus succeeded with time: 54591ms, keeping it commented out
commenting out line Lines { lines: 172..=172 } in "./tmp/80/kubernetes_cluster/proof/controller_runtime_safety.rs"
verus succeeded with time: 52163ms, keeping it commented out
commenting out line Lines { lines: 190..=190 } in "./tmp/83/kubernetes_cluster/proof/message.rs"
verus succeeded with time: 51629ms, keeping it commented out
commenting out line Lines { lines: 133..=133 } in "./tmp/85/kubernetes_cluster/proof/validation_rule.rs"
verus succeeded with time: 52673ms, keeping it commented out
commenting out line Lines { lines: 340..=340 } in "./tmp/84/kubernetes_cluster/proof/stateful_set_controller.rs"
verus failed with time: 50079ms, reverting
commenting out line Lines { lines: 399..=399 } in "./tmp/81/kubernetes_cluster/proof/daemon_set_controller.rs"
verus succeeded with time: 53388ms, keeping it commented out
commenting out line Lines { lines: 522..=522 } in "./tmp/79/kubernetes_cluster/proof/controller_runtime_liveness.rs"
verus failed with time: 53667ms, reverting
commenting out line Lines { lines: 473..=473 } in "./tmp/72/kubernetes_cluster/proof/api_server_liveness.rs"
verus succeeded with time: 52928ms, keeping it commented out
commenting out line Lines { lines: 192..=192 } in "./tmp/83/kubernetes_cluster/proof/message.rs"
verus succeeded with time: 50982ms, keeping it commented out
commenting out line Lines { lines: 106..=176 } in "./tmp/80/kubernetes_cluster/proof/controller_runtime_safety.rs"
verus succeeded with time: 54071ms, keeping it commented out
commenting out line Lines { lines: 134..=137 } in "./tmp/85/kubernetes_cluster/proof/validation_rule.rs"
verus succeeded with time: 54941ms, keeping it commented out
commenting out line Lines { lines: 336..=341 } in "./tmp/84/kubernetes_cluster/proof/stateful_set_controller.rs"
verus failed with time: 51436ms, reverting
commenting out line Lines { lines: 402..=402 } in "./tmp/81/kubernetes_cluster/proof/daemon_set_controller.rs"
verus succeeded with time: 51726ms, keeping it commented out
commenting out line Lines { lines: 519..=523 } in "./tmp/79/kubernetes_cluster/proof/controller_runtime_liveness.rs"
verus failed with time: 54105ms, reverting
commenting out line Lines { lines: 476..=476 } in "./tmp/72/kubernetes_cluster/proof/api_server_liveness.rs"
verus succeeded with time: 53357ms, keeping it commented out
minimization of ./tmp/79/kubernetes_cluster/proof/controller_runtime_liveness.rs is completed
commenting out line Lines { lines: 193..=193 } in "./tmp/83/kubernetes_cluster/proof/message.rs"
verus succeeded with time: 51062ms, keeping it commented out
commenting out line Lines { lines: 195..=195 } in "./tmp/80/kubernetes_cluster/proof/controller_runtime_safety.rs"
verus succeeded with time: 55596ms, keeping it commented out
commenting out line Lines { lines: 142..=142 } in "./tmp/85/kubernetes_cluster/proof/validation_rule.rs"
verus succeeded with time: 52399ms, keeping it commented out
commenting out line Lines { lines: 449..=449 } in "./tmp/84/kubernetes_cluster/proof/stateful_set_controller.rs"
verus succeeded with time: 52588ms, keeping it commented out
commenting out line Lines { lines: 405..=405 } in "./tmp/81/kubernetes_cluster/proof/daemon_set_controller.rs"
verus succeeded with time: 56396ms, keeping it commented out
commenting out line Lines { lines: 198..=198 } in "./tmp/83/kubernetes_cluster/proof/message.rs"
verus succeeded with time: 51409ms, keeping it commented out
commenting out line Lines { lines: 480..=480 } in "./tmp/72/kubernetes_cluster/proof/api_server_liveness.rs"
verus succeeded with time: 53649ms, keeping it commented out
commenting out line Lines { lines: 30..=35 } in "./tmp/86/kubernetes_cluster/proof/wf1_assistant.rs"
verus failed with time: 55926ms, reverting
commenting out line Lines { lines: 144..=144 } in "./tmp/85/kubernetes_cluster/proof/validation_rule.rs"
verus succeeded with time: 52043ms, keeping it commented out
commenting out line Lines { lines: 196..=196 } in "./tmp/80/kubernetes_cluster/proof/controller_runtime_safety.rs"
verus succeeded with time: 53310ms, keeping it commented out
commenting out line Lines { lines: 456..=456 } in "./tmp/84/kubernetes_cluster/proof/stateful_set_controller.rs"
verus succeeded with time: 54100ms, keeping it commented out
commenting out line Lines { lines: 408..=408 } in "./tmp/81/kubernetes_cluster/proof/daemon_set_controller.rs"
verus succeeded with time: 52899ms, keeping it commented out
commenting out line Lines { lines: 200..=200 } in "./tmp/83/kubernetes_cluster/proof/message.rs"
verus succeeded with time: 46662ms, keeping it commented out
commenting out line Lines { lines: 482..=482 } in "./tmp/72/kubernetes_cluster/proof/api_server_liveness.rs"
verus succeeded with time: 52687ms, keeping it commented out
commenting out line Lines { lines: 108..=150 } in "./tmp/85/kubernetes_cluster/proof/validation_rule.rs"
verus failed with time: 52448ms, reverting
commenting out line Lines { lines: 44..=44 } in "./tmp/86/kubernetes_cluster/proof/wf1_assistant.rs"
verus failed with time: 53643ms, reverting
commenting out line Lines { lines: 198..=198 } in "./tmp/80/kubernetes_cluster/proof/controller_runtime_safety.rs"
verus succeeded with time: 53745ms, keeping it commented out
commenting out line Lines { lines: 461..=461 } in "./tmp/84/kubernetes_cluster/proof/stateful_set_controller.rs"
verus succeeded with time: 52317ms, keeping it commented out
commenting out line Lines { lines: 373..=412 } in "./tmp/81/kubernetes_cluster/proof/daemon_set_controller.rs"
verus succeeded with time: 49155ms, keeping it commented out
commenting out line Lines { lines: 201..=201 } in "./tmp/83/kubernetes_cluster/proof/message.rs"
verus succeeded with time: 52406ms, keeping it commented out
commenting out line Lines { lines: 218..=218 } in "./tmp/85/kubernetes_cluster/proof/validation_rule.rs"
verus succeeded with time: 54235ms, keeping it commented out
commenting out line Lines { lines: 463..=463 } in "./tmp/84/kubernetes_cluster/proof/stateful_set_controller.rs"
verus succeeded with time: 54482ms, keeping it commented out
commenting out line Lines { lines: 191..=201 } in "./tmp/80/kubernetes_cluster/proof/controller_runtime_safety.rs"
verus succeeded with time: 54637ms, keeping it commented out
minimization of ./tmp/80/kubernetes_cluster/proof/controller_runtime_safety.rs is completed
commenting out line Lines { lines: 449..=487 } in "./tmp/72/kubernetes_cluster/proof/api_server_liveness.rs"
verus succeeded with time: 55261ms, keeping it commented out
commenting out line Lines { lines: 419..=419 } in "./tmp/81/kubernetes_cluster/proof/daemon_set_controller.rs"
verus succeeded with time: 55145ms, keeping it commented out
commenting out line Lines { lines: 51..=56 } in "./tmp/86/kubernetes_cluster/proof/wf1_assistant.rs"
verus failed with time: 56022ms, reverting
minimization of ./tmp/87/kubernetes_cluster/spec/mod.rs is completed
minimization of ./tmp/88/kubernetes_cluster/spec/api_server/mod.rs is completed
minimization of ./tmp/89/kubernetes_cluster/spec/api_server/state_machine.rs is completed
minimization of ./tmp/90/kubernetes_cluster/spec/api_server/types.rs is completed
minimization of ./tmp/91/kubernetes_cluster/spec/builtin_controllers/mod.rs is completed
minimization of ./tmp/92/kubernetes_cluster/spec/builtin_controllers/daemon_set_controller.rs is completed
minimization of ./tmp/93/kubernetes_cluster/spec/builtin_controllers/garbage_collector.rs is completed
minimization of ./tmp/94/kubernetes_cluster/spec/builtin_controllers/stabilizer.rs is completed
minimization of ./tmp/95/kubernetes_cluster/spec/builtin_controllers/state_machine.rs is completed
minimization of ./tmp/96/kubernetes_cluster/spec/builtin_controllers/stateful_set_controller.rs is completed
minimization of ./tmp/97/kubernetes_cluster/spec/builtin_controllers/types.rs is completed
minimization of ./tmp/98/kubernetes_cluster/spec/client/mod.rs is completed
minimization of ./tmp/99/kubernetes_cluster/spec/client/types.rs is completed
minimization of ./tmp/100/kubernetes_cluster/spec/client/state_machine.rs is completed
minimization of ./tmp/101/kubernetes_cluster/spec/cluster.rs is completed
minimization of ./tmp/102/kubernetes_cluster/spec/cluster_state_machine.rs is completed
minimization of ./tmp/103/kubernetes_cluster/spec/controller/mod.rs is completed
minimization of ./tmp/104/kubernetes_cluster/spec/controller/controller_runtime.rs is completed
minimization of ./tmp/105/kubernetes_cluster/spec/controller/state_machine.rs is completed
minimization of ./tmp/106/kubernetes_cluster/spec/controller/types.rs is completed
minimization of ./tmp/107/kubernetes_cluster/spec/external_api/mod.rs is completed
minimization of ./tmp/108/kubernetes_cluster/spec/external_api/state_machine.rs is completed
minimization of ./tmp/109/kubernetes_cluster/spec/external_api/types.rs is completed
minimization of ./tmp/110/kubernetes_cluster/spec/message.rs is completed
minimization of ./tmp/111/kubernetes_cluster/spec/network/mod.rs is completed
minimization of ./tmp/112/kubernetes_cluster/spec/network/types.rs is completed
minimization of ./tmp/113/kubernetes_cluster/spec/network/state_machine.rs is completed
minimization of ./tmp/114/kubernetes_cluster/spec/pod_event/mod.rs is completed
minimization of ./tmp/115/kubernetes_cluster/spec/pod_event/types.rs is completed
minimization of ./tmp/116/kubernetes_cluster/spec/pod_event/state_machine.rs is completed
minimization of ./tmp/117/reconciler/mod.rs is completed
commenting out line Lines { lines: 467..=467 } in "./tmp/84/kubernetes_cluster/proof/stateful_set_controller.rs"
verus succeeded with time: 49107ms, keeping it commented out
minimization of ./tmp/118/reconciler/exec/mod.rs is completed
commenting out line Lines { lines: 181..=205 } in "./tmp/83/kubernetes_cluster/proof/message.rs"
verus failed with time: 52765ms, reverting
minimization of ./tmp/119/reconciler/exec/io.rs is completed
commenting out line Lines { lines: 413..=420 } in "./tmp/81/kubernetes_cluster/proof/daemon_set_controller.rs"
verus succeeded with time: 50216ms, keeping it commented out
minimization of ./tmp/81/kubernetes_cluster/proof/daemon_set_controller.rs is completed
minimization of ./tmp/120/reconciler/exec/reconciler.rs is completed
minimization of ./tmp/121/reconciler/exec/resource_builder.rs is completed
commenting out line Lines { lines: 495..=495 } in "./tmp/72/kubernetes_cluster/proof/api_server_liveness.rs"
verus succeeded with time: 52840ms, keeping it commented out
minimization of ./tmp/122/reconciler/spec/mod.rs is completed
minimization of ./tmp/123/reconciler/spec/io.rs is completed
commenting out line Lines { lines: 65..=65 } in "./tmp/86/kubernetes_cluster/proof/wf1_assistant.rs"
verus failed with time: 53088ms, reverting
minimization of ./tmp/124/reconciler/spec/reconciler.rs is completed
commenting out line Lines { lines: 220..=220 } in "./tmp/85/kubernetes_cluster/proof/validation_rule.rs"
verus succeeded with time: 54440ms, keeping it commented out
minimization of ./tmp/125/reconciler/spec/resource_builder.rs is completed
minimization of ./tmp/126/shim_layer/mod.rs is completed
minimization of ./tmp/127/shim_layer/controller_runtime.rs is completed
minimization of ./tmp/128/shim_layer/fault_injection.rs is completed
minimization of ./tmp/129/state_machine/mod.rs is completed
commenting out line Lines { lines: 470..=470 } in "./tmp/84/kubernetes_cluster/proof/stateful_set_controller.rs"
verus succeeded with time: 41273ms, keeping it commented out
commenting out line Lines { lines: 177..=207 } in "./tmp/83/kubernetes_cluster/proof/message.rs"
verus failed with time: 41807ms, reverting
minimization of ./tmp/130/state_machine/state_machine.rs is completed
minimization of ./tmp/131/state_machine/action.rs is completed
commenting out line Lines { lines: 72..=79 } in "./tmp/86/kubernetes_cluster/proof/wf1_assistant.rs"
verus failed with time: 41862ms, reverting
commenting out line Lines { lines: 221..=221 } in "./tmp/85/kubernetes_cluster/proof/validation_rule.rs"
verus succeeded with time: 43368ms, keeping it commented out
commenting out line Lines { lines: 490..=496 } in "./tmp/72/kubernetes_cluster/proof/api_server_liveness.rs"
verus succeeded with time: 46767ms, keeping it commented out
commenting out line Lines { lines: 473..=473 } in "./tmp/84/kubernetes_cluster/proof/stateful_set_controller.rs"
verus succeeded with time: 44274ms, keeping it commented out
commenting out line Lines { lines: 265..=265 } in "./tmp/83/kubernetes_cluster/proof/message.rs"
verus succeeded with time: 41123ms, keeping it commented out
minimization of ./tmp/132/temporal_logic/mod.rs is completed
commenting out line Lines { lines: 224..=224 } in "./tmp/85/kubernetes_cluster/proof/validation_rule.rs"
verus succeeded with time: 42971ms, keeping it commented out
commenting out line Lines { lines: 90..=90 } in "./tmp/86/kubernetes_cluster/proof/wf1_assistant.rs"
verus failed with time: 43455ms, reverting
minimization of ./tmp/133/temporal_logic/defs.rs is completed
commenting out line Lines { lines: 506..=506 } in "./tmp/72/kubernetes_cluster/proof/api_server_liveness.rs"
verus succeeded with time: 43680ms, keeping it commented out
commenting out line Lines { lines: 476..=476 } in "./tmp/84/kubernetes_cluster/proof/stateful_set_controller.rs"
verus succeeded with time: 40852ms, keeping it commented out
commenting out line Lines { lines: 266..=266 } in "./tmp/83/kubernetes_cluster/proof/message.rs"
verus succeeded with time: 44215ms, keeping it commented out
commenting out line Lines { lines: 225..=228 } in "./tmp/85/kubernetes_cluster/proof/validation_rule.rs"
verus failed with time: 42939ms, reverting
minimization of ./tmp/135/vstd_ext/mod.rs is completed
commenting out line Lines { lines: 501..=507 } in "./tmp/72/kubernetes_cluster/proof/api_server_liveness.rs"
verus succeeded with time: 42800ms, keeping it commented out
minimization of ./tmp/72/kubernetes_cluster/proof/api_server_liveness.rs is completed
commenting out line Lines { lines: 93..=93 } in "./tmp/86/kubernetes_cluster/proof/wf1_assistant.rs"
verus failed with time: 43464ms, reverting
commenting out line Lines { lines: 441..=480 } in "./tmp/84/kubernetes_cluster/proof/stateful_set_controller.rs"
verus succeeded with time: 39964ms, keeping it commented out
commenting out line Lines { lines: 268..=268 } in "./tmp/83/kubernetes_cluster/proof/message.rs"
verus succeeded with time: 43948ms, keeping it commented out
commenting out line Lines { lines: 230..=230 } in "./tmp/85/kubernetes_cluster/proof/validation_rule.rs"
verus succeeded with time: 44657ms, keeping it commented out
commenting out line Lines { lines: 136..=138 } in "./tmp/134/temporal_logic/rules.rs"
verus failed with time: 45817ms, reverting
commenting out line Lines { lines: 96..=96 } in "./tmp/86/kubernetes_cluster/proof/wf1_assistant.rs"
verus failed with time: 43923ms, reverting
commenting out line Lines { lines: 487..=487 } in "./tmp/84/kubernetes_cluster/proof/stateful_set_controller.rs"
verus succeeded with time: 48323ms, keeping it commented out
commenting out line Lines { lines: 269..=269 } in "./tmp/83/kubernetes_cluster/proof/message.rs"
verus succeeded with time: 51086ms, keeping it commented out
commenting out line Lines { lines: 231..=234 } in "./tmp/85/kubernetes_cluster/proof/validation_rule.rs"
verus succeeded with time: 52928ms, keeping it commented out
commenting out line Lines { lines: 11..=11 } in "./tmp/137/vstd_ext/multiset_lib.rs"
verus failed with time: 51691ms, reverting
commenting out line Lines { lines: 19..=19 } in "./tmp/136/vstd_ext/map_lib.rs"
verus failed with time: 54497ms, reverting
minimization of ./tmp/136/vstd_ext/map_lib.rs is completed
commenting out line Lines { lines: 146..=148 } in "./tmp/134/temporal_logic/rules.rs"
verus failed with time: 56198ms, reverting
commenting out line Lines { lines: 104..=111 } in "./tmp/86/kubernetes_cluster/proof/wf1_assistant.rs"
verus failed with time: 56631ms, reverting
minimization of ./tmp/138/vstd_ext/option_lib.rs is completed
commenting out line Lines { lines: 481..=488 } in "./tmp/84/kubernetes_cluster/proof/stateful_set_controller.rs"
verus succeeded with time: 49668ms, keeping it commented out
minimization of ./tmp/84/kubernetes_cluster/proof/stateful_set_controller.rs is completed
commenting out line Lines { lines: 270..=270 } in "./tmp/83/kubernetes_cluster/proof/message.rs"
verus succeeded with time: 47707ms, keeping it commented out
commenting out line Lines { lines: 236..=236 } in "./tmp/85/kubernetes_cluster/proof/validation_rule.rs"
verus succeeded with time: 45729ms, keeping it commented out
commenting out line Lines { lines: 192..=192 } in "./tmp/134/temporal_logic/rules.rs"
verus succeeded with time: 43685ms, keeping it commented out
commenting out line Lines { lines: 21..=21 } in "./tmp/137/vstd_ext/multiset_lib.rs"
verus succeeded with time: 48354ms, keeping it commented out
commenting out line Lines { lines: 122..=122 } in "./tmp/86/kubernetes_cluster/proof/wf1_assistant.rs"
verus failed with time: 43279ms, reverting
commenting out line Lines { lines: 272..=272 } in "./tmp/83/kubernetes_cluster/proof/message.rs"
verus succeeded with time: 53047ms, keeping it commented out
commenting out line Lines { lines: 191..=193 } in "./tmp/134/temporal_logic/rules.rs"
verus succeeded with time: 54113ms, keeping it commented out
commenting out line Lines { lines: 19..=23 } in "./tmp/137/vstd_ext/multiset_lib.rs"
verus failed with time: 55424ms, reverting
commenting out line Lines { lines: 237..=237 } in "./tmp/85/kubernetes_cluster/proof/validation_rule.rs"
verus succeeded with time: 55774ms, keeping it commented out
commenting out line Lines { lines: 125..=125 } in "./tmp/86/kubernetes_cluster/proof/wf1_assistant.rs"
verus failed with time: 56139ms, reverting
commenting out line Lines { lines: 13..=13 } in "./tmp/139/vstd_ext/seq_lib.rs"
verus failed with time: 56530ms, reverting
commenting out line Lines { lines: 14..=16 } in "./tmp/140/vstd_ext/set_lib.rs"
verus failed with time: 55569ms, reverting
commenting out line Lines { lines: 273..=273 } in "./tmp/83/kubernetes_cluster/proof/message.rs"
verus succeeded with time: 51519ms, keeping it commented out
commenting out line Lines { lines: 29..=29 } in "./tmp/137/vstd_ext/multiset_lib.rs"
verus failed with time: 55600ms, reverting
commenting out line Lines { lines: 199..=201 } in "./tmp/134/temporal_logic/rules.rs"
verus failed with time: 56538ms, reverting
commenting out line Lines { lines: 238..=241 } in "./tmp/85/kubernetes_cluster/proof/validation_rule.rs"
verus succeeded with time: 56403ms, keeping it commented out
commenting out line Lines { lines: 17..=19 } in "./tmp/140/vstd_ext/set_lib.rs"
verus failed with time: 53441ms, reverting
commenting out line Lines { lines: 128..=128 } in "./tmp/86/kubernetes_cluster/proof/wf1_assistant.rs"
verus failed with time: 55834ms, reverting
commenting out line Lines { lines: 16..=16 } in "./tmp/139/vstd_ext/seq_lib.rs"
verus failed with time: 55328ms, reverting
commenting out line Lines { lines: 278..=278 } in "./tmp/83/kubernetes_cluster/proof/message.rs"
verus succeeded with time: 50551ms, keeping it commented out
commenting out line Lines { lines: 214..=214 } in "./tmp/134/temporal_logic/rules.rs"
verus succeeded with time: 53873ms, keeping it commented out
commenting out line Lines { lines: 246..=246 } in "./tmp/85/kubernetes_cluster/proof/validation_rule.rs"
verus succeeded with time: 53515ms, keeping it commented out
commenting out line Lines { lines: 131..=131 } in "./tmp/86/kubernetes_cluster/proof/wf1_assistant.rs"
verus failed with time: 53802ms, reverting
minimization of ./tmp/86/kubernetes_cluster/proof/wf1_assistant.rs is completed
commenting out line Lines { lines: 45..=45 } in "./tmp/140/vstd_ext/set_lib.rs"
verus failed with time: 54460ms, reverting
minimization of ./tmp/141/vstd_ext/string_map.rs is completed
commenting out line Lines { lines: 46..=46 } in "./tmp/137/vstd_ext/multiset_lib.rs"
verus failed with time: 57093ms, reverting
minimization of ./tmp/142/vstd_ext/string_view.rs is completed
commenting out line Lines { lines: 18..=18 } in "./tmp/139/vstd_ext/seq_lib.rs"
verus failed with time: 55608ms, reverting
commenting out line Lines { lines: 280..=280 } in "./tmp/83/kubernetes_cluster/proof/message.rs"
verus succeeded with time: 50169ms, keeping it commented out
commenting out line Lines { lines: 248..=248 } in "./tmp/85/kubernetes_cluster/proof/validation_rule.rs"
verus succeeded with time: 53035ms, keeping it commented out
commenting out line Lines { lines: 247..=259 } in "./tmp/134/temporal_logic/rules.rs"
verus failed with time: 55418ms, reverting
commenting out line Lines { lines: 46..=46 } in "./tmp/140/vstd_ext/set_lib.rs"
verus failed with time: 53783ms, reverting
commenting out line Lines { lines: 28..=31 } in "./tmp/143/vstd_ext/vec_lib.rs"
verus failed with time: 53354ms, reverting
minimization of ./tmp/143/vstd_ext/vec_lib.rs is completed
commenting out line Lines { lines: 50..=50 } in "./tmp/137/vstd_ext/multiset_lib.rs"
verus succeeded with time: 56848ms, keeping it commented out
commenting out line Lines { lines: 32..=32 } in "./tmp/139/vstd_ext/seq_lib.rs"
verus succeeded with time: 55947ms, keeping it commented out
commenting out line Lines { lines: 281..=281 } in "./tmp/83/kubernetes_cluster/proof/message.rs"
verus succeeded with time: 46058ms, keeping it commented out
commenting out line Lines { lines: 259..=259 } in "./tmp/85/kubernetes_cluster/proof/validation_rule.rs"
verus succeeded with time: 47048ms, keeping it commented out
commenting out line Lines { lines: 263..=265 } in "./tmp/134/temporal_logic/rules.rs"
verus failed with time: 48892ms, reverting
commenting out line Lines { lines: 49..=49 } in "./tmp/140/vstd_ext/set_lib.rs"
verus failed with time: 48585ms, reverting
minimization of ./tmp/140/vstd_ext/set_lib.rs is completed
commenting out line Lines { lines: 53..=53 } in "./tmp/137/vstd_ext/multiset_lib.rs"
verus failed with time: 47064ms, reverting
commenting out line Lines { lines: 33..=33 } in "./tmp/139/vstd_ext/seq_lib.rs"
verus succeeded with time: 47881ms, keeping it commented out
commenting out line Lines { lines: 283..=283 } in "./tmp/83/kubernetes_cluster/proof/message.rs"
verus succeeded with time: 41173ms, keeping it commented out
commenting out line Lines { lines: 260..=260 } in "./tmp/85/kubernetes_cluster/proof/validation_rule.rs"
verus succeeded with time: 43878ms, keeping it commented out
commenting out line Lines { lines: 242..=267 } in "./tmp/134/temporal_logic/rules.rs"
verus failed with time: 41133ms, reverting
commenting out line Lines { lines: 54..=54 } in "./tmp/137/vstd_ext/multiset_lib.rs"
verus succeeded with time: 42320ms, keeping it commented out
commenting out line Lines { lines: 35..=35 } in "./tmp/139/vstd_ext/seq_lib.rs"
verus succeeded with time: 42760ms, keeping it commented out
commenting out line Lines { lines: 288..=288 } in "./tmp/83/kubernetes_cluster/proof/message.rs"
verus succeeded with time: 41475ms, keeping it commented out
commenting out line Lines { lines: 262..=262 } in "./tmp/85/kubernetes_cluster/proof/validation_rule.rs"
verus succeeded with time: 40602ms, keeping it commented out
commenting out line Lines { lines: 317..=321 } in "./tmp/134/temporal_logic/rules.rs"
verus failed with time: 41895ms, reverting
commenting out line Lines { lines: 48..=56 } in "./tmp/137/vstd_ext/multiset_lib.rs"
verus succeeded with time: 42062ms, keeping it commented out
commenting out line Lines { lines: 36..=36 } in "./tmp/139/vstd_ext/seq_lib.rs"
verus succeeded with time: 41726ms, keeping it commented out
commenting out line Lines { lines: 297..=297 } in "./tmp/83/kubernetes_cluster/proof/message.rs"
verus succeeded with time: 42259ms, keeping it commented out
commenting out line Lines { lines: 265..=265 } in "./tmp/85/kubernetes_cluster/proof/validation_rule.rs"
verus succeeded with time: 42111ms, keeping it commented out
commenting out line Lines { lines: 61..=61 } in "./tmp/137/vstd_ext/multiset_lib.rs"
verus failed with time: 39913ms, reverting
commenting out line Lines { lines: 313..=322 } in "./tmp/134/temporal_logic/rules.rs"
verus failed with time: 42992ms, reverting
commenting out line Lines { lines: 30..=38 } in "./tmp/139/vstd_ext/seq_lib.rs"
verus succeeded with time: 43198ms, keeping it commented out
commenting out line Lines { lines: 299..=299 } in "./tmp/83/kubernetes_cluster/proof/message.rs"
verus succeeded with time: 39053ms, keeping it commented out
commenting out line Lines { lines: 208..=269 } in "./tmp/85/kubernetes_cluster/proof/validation_rule.rs"
verus failed with time: 40607ms, reverting
minimization of ./tmp/85/kubernetes_cluster/proof/validation_rule.rs is completed
commenting out line Lines { lines: 329..=329 } in "./tmp/134/temporal_logic/rules.rs"
verus failed with time: 40689ms, reverting
commenting out line Lines { lines: 62..=62 } in "./tmp/137/vstd_ext/multiset_lib.rs"
verus failed with time: 43020ms, reverting
commenting out line Lines { lines: 47..=47 } in "./tmp/139/vstd_ext/seq_lib.rs"
verus failed with time: 41157ms, reverting
commenting out line Lines { lines: 294..=307 } in "./tmp/83/kubernetes_cluster/proof/message.rs"
verus failed with time: 42569ms, reverting
commenting out line Lines { lines: 339..=345 } in "./tmp/134/temporal_logic/rules.rs"
verus failed with time: 38992ms, reverting
commenting out line Lines { lines: 63..=63 } in "./tmp/137/vstd_ext/multiset_lib.rs"
verus succeeded with time: 40234ms, keeping it commented out
commenting out line Lines { lines: 48..=48 } in "./tmp/139/vstd_ext/seq_lib.rs"
verus succeeded with time: 37084ms, keeping it commented out
commenting out line Lines { lines: 255..=308 } in "./tmp/83/kubernetes_cluster/proof/message.rs"
verus failed with time: 32916ms, reverting
commenting out line Lines { lines: 346..=346 } in "./tmp/134/temporal_logic/rules.rs"
verus failed with time: 38088ms, reverting
commenting out line Lines { lines: 59..=65 } in "./tmp/137/vstd_ext/multiset_lib.rs"
verus failed with time: 39277ms, reverting
commenting out line Lines { lines: 50..=50 } in "./tmp/139/vstd_ext/seq_lib.rs"
verus succeeded with time: 38505ms, keeping it commented out
commenting out line Lines { lines: 254..=309 } in "./tmp/83/kubernetes_cluster/proof/message.rs"
verus failed with time: 33200ms, reverting
commenting out line Lines { lines: 356..=358 } in "./tmp/134/temporal_logic/rules.rs"
verus failed with time: 37823ms, reverting
commenting out line Lines { lines: 57..=66 } in "./tmp/137/vstd_ext/multiset_lib.rs"
verus failed with time: 38232ms, reverting
commenting out line Lines { lines: 51..=51 } in "./tmp/139/vstd_ext/seq_lib.rs"
verus failed with time: 38872ms, reverting
commenting out line Lines { lines: 331..=331 } in "./tmp/83/kubernetes_cluster/proof/message.rs"
verus succeeded with time: 36087ms, keeping it commented out
commenting out line Lines { lines: 354..=359 } in "./tmp/134/temporal_logic/rules.rs"
verus failed with time: 38912ms, reverting
commenting out line Lines { lines: 49..=52 } in "./tmp/139/vstd_ext/seq_lib.rs"
verus failed with time: 37626ms, reverting
commenting out line Lines { lines: 76..=76 } in "./tmp/137/vstd_ext/multiset_lib.rs"
verus failed with time: 38722ms, reverting
commenting out line Lines { lines: 332..=332 } in "./tmp/83/kubernetes_cluster/proof/message.rs"
verus succeeded with time: 36970ms, keeping it commented out
commenting out line Lines { lines: 370..=370 } in "./tmp/134/temporal_logic/rules.rs"
verus succeeded with time: 38702ms, keeping it commented out
commenting out line Lines { lines: 53..=53 } in "./tmp/139/vstd_ext/seq_lib.rs"
verus failed with time: 38568ms, reverting
commenting out line Lines { lines: 78..=78 } in "./tmp/137/vstd_ext/multiset_lib.rs"
verus failed with time: 39618ms, reverting
commenting out line Lines { lines: 336..=336 } in "./tmp/83/kubernetes_cluster/proof/message.rs"
verus succeeded with time: 37006ms, keeping it commented out
commenting out line Lines { lines: 368..=371 } in "./tmp/134/temporal_logic/rules.rs"
verus failed with time: 38430ms, reverting
commenting out line Lines { lines: 69..=69 } in "./tmp/139/vstd_ext/seq_lib.rs"
verus succeeded with time: 38283ms, keeping it commented out
commenting out line Lines { lines: 337..=337 } in "./tmp/83/kubernetes_cluster/proof/message.rs"
verus succeeded with time: 35758ms, keeping it commented out
commenting out line Lines { lines: 79..=79 } in "./tmp/137/vstd_ext/multiset_lib.rs"
verus succeeded with time: 38236ms, keeping it commented out
commenting out line Lines { lines: 339..=339 } in "./tmp/83/kubernetes_cluster/proof/message.rs"
verus failed with time: 4860ms, reverting
commenting out line Lines { lines: 367..=372 } in "./tmp/134/temporal_logic/rules.rs"
verus failed with time: 38603ms, reverting
commenting out line Lines { lines: 70..=70 } in "./tmp/139/vstd_ext/seq_lib.rs"
verus succeeded with time: 37928ms, keeping it commented out
commenting out line Lines { lines: 74..=80 } in "./tmp/137/vstd_ext/multiset_lib.rs"
verus failed with time: 38511ms, reverting
minimization of ./tmp/137/vstd_ext/multiset_lib.rs is completed
commenting out line Lines { lines: 346..=346 } in "./tmp/83/kubernetes_cluster/proof/message.rs"
verus succeeded with time: 35554ms, keeping it commented out
commenting out line Lines { lines: 366..=373 } in "./tmp/134/temporal_logic/rules.rs"
verus failed with time: 36535ms, reverting
commenting out line Lines { lines: 72..=72 } in "./tmp/139/vstd_ext/seq_lib.rs"
verus succeeded with time: 35966ms, keeping it commented out
commenting out line Lines { lines: 347..=347 } in "./tmp/83/kubernetes_cluster/proof/message.rs"
verus succeeded with time: 39755ms, keeping it commented out
commenting out line Lines { lines: 349..=349 } in "./tmp/83/kubernetes_cluster/proof/message.rs"
verus failed with time: 5099ms, reverting
commenting out line Lines { lines: 376..=376 } in "./tmp/134/temporal_logic/rules.rs"
verus succeeded with time: 36151ms, keeping it commented out
commenting out line Lines { lines: 73..=73 } in "./tmp/139/vstd_ext/seq_lib.rs"
verus succeeded with time: 35820ms, keeping it commented out
commenting out line Lines { lines: 432..=432 } in "./tmp/83/kubernetes_cluster/proof/message.rs"
verus succeeded with time: 39949ms, keeping it commented out
commenting out line Lines { lines: 374..=377 } in "./tmp/134/temporal_logic/rules.rs"
verus failed with time: 35384ms, reverting
commenting out line Lines { lines: 67..=75 } in "./tmp/139/vstd_ext/seq_lib.rs"
verus succeeded with time: 35919ms, keeping it commented out
commenting out line Lines { lines: 439..=439 } in "./tmp/83/kubernetes_cluster/proof/message.rs"
verus succeeded with time: 40251ms, keeping it commented out
commenting out line Lines { lines: 385..=387 } in "./tmp/134/temporal_logic/rules.rs"
verus failed with time: 35060ms, reverting
commenting out line Lines { lines: 84..=84 } in "./tmp/139/vstd_ext/seq_lib.rs"
verus failed with time: 35739ms, reverting
commenting out line Lines { lines: 440..=440 } in "./tmp/83/kubernetes_cluster/proof/message.rs"
verus succeeded with time: 41090ms, keeping it commented out
commenting out line Lines { lines: 388..=388 } in "./tmp/134/temporal_logic/rules.rs"
verus succeeded with time: 35945ms, keeping it commented out
commenting out line Lines { lines: 85..=85 } in "./tmp/139/vstd_ext/seq_lib.rs"
verus succeeded with time: 36306ms, keeping it commented out
commenting out line Lines { lines: 441..=441 } in "./tmp/83/kubernetes_cluster/proof/message.rs"
verus succeeded with time: 39712ms, keeping it commented out
commenting out line Lines { lines: 389..=391 } in "./tmp/134/temporal_logic/rules.rs"
verus failed with time: 36322ms, reverting
commenting out line Lines { lines: 88..=88 } in "./tmp/139/vstd_ext/seq_lib.rs"
verus succeeded with time: 36252ms, keeping it commented out
commenting out line Lines { lines: 427..=447 } in "./tmp/83/kubernetes_cluster/proof/message.rs"
verus succeeded with time: 40458ms, keeping it commented out
commenting out line Lines { lines: 392..=392 } in "./tmp/134/temporal_logic/rules.rs"
verus succeeded with time: 34964ms, keeping it commented out
commenting out line Lines { lines: 89..=89 } in "./tmp/139/vstd_ext/seq_lib.rs"
verus failed with time: 35907ms, reverting
commenting out line Lines { lines: 384..=393 } in "./tmp/134/temporal_logic/rules.rs"
verus failed with time: 36259ms, reverting
commenting out line Lines { lines: 87..=90 } in "./tmp/139/vstd_ext/seq_lib.rs"
verus failed with time: 35777ms, reverting
commenting out line Lines { lines: 426..=448 } in "./tmp/83/kubernetes_cluster/proof/message.rs"
verus succeeded with time: 38675ms, keeping it commented out
commenting out line Lines { lines: 91..=91 } in "./tmp/139/vstd_ext/seq_lib.rs"
verus failed with time: 36107ms, reverting
commenting out line Lines { lines: 421..=423 } in "./tmp/134/temporal_logic/rules.rs"
verus failed with time: 36360ms, reverting
commenting out line Lines { lines: 485..=485 } in "./tmp/83/kubernetes_cluster/proof/message.rs"
verus failed with time: 53506ms, reverting
commenting out line Lines { lines: 431..=433 } in "./tmp/134/temporal_logic/rules.rs"
verus failed with time: 35350ms, reverting
commenting out line Lines { lines: 100..=102 } in "./tmp/139/vstd_ext/seq_lib.rs"
verus failed with time: 36426ms, reverting
commenting out line Lines { lines: 488..=488 } in "./tmp/83/kubernetes_cluster/proof/message.rs"
verus succeeded with time: 39626ms, keeping it commented out
commenting out line Lines { lines: 434..=434 } in "./tmp/134/temporal_logic/rules.rs"
verus failed with time: 35530ms, reverting
commenting out line Lines { lines: 109..=115 } in "./tmp/139/vstd_ext/seq_lib.rs"
verus failed with time: 35400ms, reverting
commenting out line Lines { lines: 492..=492 } in "./tmp/83/kubernetes_cluster/proof/message.rs"
verus succeeded with time: 39692ms, keeping it commented out
commenting out line Lines { lines: 447..=447 } in "./tmp/134/temporal_logic/rules.rs"
verus succeeded with time: 34884ms, keeping it commented out
commenting out line Lines { lines: 116..=121 } in "./tmp/139/vstd_ext/seq_lib.rs"
verus failed with time: 35800ms, reverting
commenting out line Lines { lines: 502..=502 } in "./tmp/83/kubernetes_cluster/proof/message.rs"
verus succeeded with time: 39901ms, keeping it commented out
commenting out line Lines { lines: 448..=448 } in "./tmp/134/temporal_logic/rules.rs"
verus succeeded with time: 35740ms, keeping it commented out
commenting out line Lines { lines: 136..=136 } in "./tmp/139/vstd_ext/seq_lib.rs"
verus failed with time: 35112ms, reverting
commenting out line Lines { lines: 450..=450 } in "./tmp/134/temporal_logic/rules.rs"
verus failed with time: 35757ms, reverting
commenting out line Lines { lines: 503..=503 } in "./tmp/83/kubernetes_cluster/proof/message.rs"
verus succeeded with time: 39505ms, keeping it commented out
commenting out line Lines { lines: 135..=137 } in "./tmp/139/vstd_ext/seq_lib.rs"
verus failed with time: 35871ms, reverting
commenting out line Lines { lines: 446..=451 } in "./tmp/134/temporal_logic/rules.rs"
verus failed with time: 35900ms, reverting
commenting out line Lines { lines: 141..=141 } in "./tmp/139/vstd_ext/seq_lib.rs"
verus failed with time: 36046ms, reverting
commenting out line Lines { lines: 504..=504 } in "./tmp/83/kubernetes_cluster/proof/message.rs"
verus succeeded with time: 38367ms, keeping it commented out
commenting out line Lines { lines: 469..=469 } in "./tmp/134/temporal_logic/rules.rs"
verus failed with time: 35908ms, reverting
commenting out line Lines { lines: 140..=142 } in "./tmp/139/vstd_ext/seq_lib.rs"
verus failed with time: 35503ms, reverting
commenting out line Lines { lines: 505..=505 } in "./tmp/83/kubernetes_cluster/proof/message.rs"
verus succeeded with time: 39132ms, keeping it commented out
commenting out line Lines { lines: 467..=471 } in "./tmp/134/temporal_logic/rules.rs"
verus failed with time: 37012ms, reverting
commenting out line Lines { lines: 139..=143 } in "./tmp/139/vstd_ext/seq_lib.rs"
verus failed with time: 36649ms, reverting
commenting out line Lines { lines: 506..=506 } in "./tmp/83/kubernetes_cluster/proof/message.rs"
verus succeeded with time: 38854ms, keeping it commented out
commenting out line Lines { lines: 466..=472 } in "./tmp/134/temporal_logic/rules.rs"
verus failed with time: 36146ms, reverting
commenting out line Lines { lines: 158..=164 } in "./tmp/139/vstd_ext/seq_lib.rs"
verus failed with time: 36850ms, reverting
commenting out line Lines { lines: 507..=507 } in "./tmp/83/kubernetes_cluster/proof/message.rs"
verus succeeded with time: 38696ms, keeping it commented out
commenting out line Lines { lines: 464..=473 } in "./tmp/134/temporal_logic/rules.rs"
verus failed with time: 36264ms, reverting
commenting out line Lines { lines: 155..=165 } in "./tmp/139/vstd_ext/seq_lib.rs"
verus failed with time: 36223ms, reverting
commenting out line Lines { lines: 483..=509 } in "./tmp/83/kubernetes_cluster/proof/message.rs"
verus failed with time: 40127ms, reverting
commenting out line Lines { lines: 478..=481 } in "./tmp/134/temporal_logic/rules.rs"
verus failed with time: 35675ms, reverting
commenting out line Lines { lines: 168..=168 } in "./tmp/139/vstd_ext/seq_lib.rs"
verus succeeded with time: 36203ms, keeping it commented out
commenting out line Lines { lines: 482..=510 } in "./tmp/83/kubernetes_cluster/proof/message.rs"
verus failed with time: 40141ms, reverting
commenting out line Lines { lines: 477..=482 } in "./tmp/134/temporal_logic/rules.rs"
verus failed with time: 36042ms, reverting
commenting out line Lines { lines: 166..=169 } in "./tmp/139/vstd_ext/seq_lib.rs"
verus failed with time: 36429ms, reverting
commenting out line Lines { lines: 558..=558 } in "./tmp/83/kubernetes_cluster/proof/message.rs"
verus succeeded with time: 39114ms, keeping it commented out
commenting out line Lines { lines: 475..=483 } in "./tmp/134/temporal_logic/rules.rs"
verus failed with time: 35391ms, reverting
commenting out line Lines { lines: 172..=172 } in "./tmp/139/vstd_ext/seq_lib.rs"
verus failed with time: 34976ms, reverting
commenting out line Lines { lines: 563..=563 } in "./tmp/83/kubernetes_cluster/proof/message.rs"
verus failed with time: 46784ms, reverting
commenting out line Lines { lines: 505..=505 } in "./tmp/134/temporal_logic/rules.rs"
verus failed with time: 34907ms, reverting
commenting out line Lines { lines: 173..=173 } in "./tmp/139/vstd_ext/seq_lib.rs"
verus failed with time: 34999ms, reverting
commenting out line Lines { lines: 503..=506 } in "./tmp/134/temporal_logic/rules.rs"
verus failed with time: 35054ms, reverting
commenting out line Lines { lines: 171..=175 } in "./tmp/139/vstd_ext/seq_lib.rs"
verus failed with time: 35989ms, reverting
commenting out line Lines { lines: 566..=566 } in "./tmp/83/kubernetes_cluster/proof/message.rs"
verus succeeded with time: 39131ms, keeping it commented out
commenting out line Lines { lines: 501..=507 } in "./tmp/134/temporal_logic/rules.rs"
verus failed with time: 35963ms, reverting
commenting out line Lines { lines: 211..=211 } in "./tmp/139/vstd_ext/seq_lib.rs"
verus failed with time: 35779ms, reverting
minimization of ./tmp/139/vstd_ext/seq_lib.rs is completed
commenting out line Lines { lines: 568..=568 } in "./tmp/83/kubernetes_cluster/proof/message.rs"
verus succeeded with time: 39812ms, keeping it commented out
commenting out line Lines { lines: 523..=523 } in "./tmp/134/temporal_logic/rules.rs"
verus failed with time: 33164ms, reverting
commenting out line Lines { lines: 569..=569 } in "./tmp/83/kubernetes_cluster/proof/message.rs"
verus succeeded with time: 35897ms, keeping it commented out
commenting out line Lines { lines: 522..=524 } in "./tmp/134/temporal_logic/rules.rs"
verus failed with time: 32731ms, reverting
commenting out line Lines { lines: 573..=573 } in "./tmp/83/kubernetes_cluster/proof/message.rs"
verus succeeded with time: 36110ms, keeping it commented out
commenting out line Lines { lines: 526..=526 } in "./tmp/134/temporal_logic/rules.rs"
verus failed with time: 32532ms, reverting
commenting out line Lines { lines: 575..=575 } in "./tmp/83/kubernetes_cluster/proof/message.rs"
verus succeeded with time: 36041ms, keeping it commented out
commenting out line Lines { lines: 516..=527 } in "./tmp/134/temporal_logic/rules.rs"
verus failed with time: 32728ms, reverting
commenting out line Lines { lines: 576..=576 } in "./tmp/83/kubernetes_cluster/proof/message.rs"
verus succeeded with time: 35996ms, keeping it commented out
commenting out line Lines { lines: 535..=537 } in "./tmp/134/temporal_logic/rules.rs"
verus succeeded with time: 32654ms, keeping it commented out
commenting out line Lines { lines: 577..=578 } in "./tmp/83/kubernetes_cluster/proof/message.rs"
verus succeeded with time: 36903ms, keeping it commented out
commenting out line Lines { lines: 557..=557 } in "./tmp/134/temporal_logic/rules.rs"
verus failed with time: 32752ms, reverting
commenting out line Lines { lines: 580..=580 } in "./tmp/83/kubernetes_cluster/proof/message.rs"
verus succeeded with time: 36339ms, keeping it commented out
commenting out line Lines { lines: 556..=558 } in "./tmp/134/temporal_logic/rules.rs"
verus failed with time: 32428ms, reverting
commenting out line Lines { lines: 581..=581 } in "./tmp/83/kubernetes_cluster/proof/message.rs"
verus succeeded with time: 36212ms, keeping it commented out
commenting out line Lines { lines: 552..=560 } in "./tmp/134/temporal_logic/rules.rs"
verus failed with time: 32974ms, reverting
commenting out line Lines { lines: 569..=573 } in "./tmp/134/temporal_logic/rules.rs"
verus failed with time: 32824ms, reverting
commenting out line Lines { lines: 583..=583 } in "./tmp/83/kubernetes_cluster/proof/message.rs"
verus succeeded with time: 35717ms, keeping it commented out
commenting out line Lines { lines: 588..=588 } in "./tmp/134/temporal_logic/rules.rs"
verus failed with time: 32892ms, reverting
commenting out line Lines { lines: 587..=587 } in "./tmp/83/kubernetes_cluster/proof/message.rs"
verus succeeded with time: 36124ms, keeping it commented out
commenting out line Lines { lines: 582..=590 } in "./tmp/134/temporal_logic/rules.rs"
verus failed with time: 33042ms, reverting
commenting out line Lines { lines: 589..=589 } in "./tmp/83/kubernetes_cluster/proof/message.rs"
verus succeeded with time: 35747ms, keeping it commented out
commenting out line Lines { lines: 652..=654 } in "./tmp/134/temporal_logic/rules.rs"
verus failed with time: 33151ms, reverting
commenting out line Lines { lines: 590..=590 } in "./tmp/83/kubernetes_cluster/proof/message.rs"
verus succeeded with time: 36564ms, keeping it commented out
commenting out line Lines { lines: 651..=655 } in "./tmp/134/temporal_logic/rules.rs"
verus failed with time: 32898ms, reverting
commenting out line Lines { lines: 591..=591 } in "./tmp/83/kubernetes_cluster/proof/message.rs"
verus succeeded with time: 35785ms, keeping it commented out
commenting out line Lines { lines: 664..=667 } in "./tmp/134/temporal_logic/rules.rs"
verus failed with time: 32655ms, reverting
commenting out line Lines { lines: 593..=593 } in "./tmp/83/kubernetes_cluster/proof/message.rs"
verus succeeded with time: 36206ms, keeping it commented out
commenting out line Lines { lines: 676..=679 } in "./tmp/134/temporal_logic/rules.rs"
verus failed with time: 33004ms, reverting
commenting out line Lines { lines: 596..=596 } in "./tmp/83/kubernetes_cluster/proof/message.rs"
verus succeeded with time: 36251ms, keeping it commented out
commenting out line Lines { lines: 689..=689 } in "./tmp/134/temporal_logic/rules.rs"
verus succeeded with time: 33052ms, keeping it commented out
commenting out line Lines { lines: 597..=597 } in "./tmp/83/kubernetes_cluster/proof/message.rs"
verus failed with time: 37009ms, reverting
commenting out line Lines { lines: 687..=690 } in "./tmp/134/temporal_logic/rules.rs"
verus failed with time: 32680ms, reverting
commenting out line Lines { lines: 700..=703 } in "./tmp/134/temporal_logic/rules.rs"
verus failed with time: 32496ms, reverting
commenting out line Lines { lines: 600..=600 } in "./tmp/83/kubernetes_cluster/proof/message.rs"
verus failed with time: 40444ms, reverting
commenting out line Lines { lines: 699..=704 } in "./tmp/134/temporal_logic/rules.rs"
verus failed with time: 33094ms, reverting
commenting out line Lines { lines: 601..=601 } in "./tmp/83/kubernetes_cluster/proof/message.rs"
verus succeeded with time: 36059ms, keeping it commented out
commenting out line Lines { lines: 716..=719 } in "./tmp/134/temporal_logic/rules.rs"
verus failed with time: 32868ms, reverting
commenting out line Lines { lines: 555..=604 } in "./tmp/83/kubernetes_cluster/proof/message.rs"
verus failed with time: 34632ms, reverting
commenting out line Lines { lines: 734..=737 } in "./tmp/134/temporal_logic/rules.rs"
verus failed with time: 32798ms, reverting
commenting out line Lines { lines: 554..=605 } in "./tmp/83/kubernetes_cluster/proof/message.rs"
verus failed with time: 34622ms, reverting
commenting out line Lines { lines: 945..=948 } in "./tmp/134/temporal_logic/rules.rs"
verus failed with time: 32852ms, reverting
commenting out line Lines { lines: 653..=653 } in "./tmp/83/kubernetes_cluster/proof/message.rs"
verus succeeded with time: 36023ms, keeping it commented out
commenting out line Lines { lines: 958..=960 } in "./tmp/134/temporal_logic/rules.rs"
verus failed with time: 32591ms, reverting
commenting out line Lines { lines: 658..=658 } in "./tmp/83/kubernetes_cluster/proof/message.rs"
verus failed with time: 47708ms, reverting
commenting out line Lines { lines: 957..=961 } in "./tmp/134/temporal_logic/rules.rs"
verus failed with time: 32090ms, reverting
commenting out line Lines { lines: 661..=661 } in "./tmp/83/kubernetes_cluster/proof/message.rs"
verus succeeded with time: 36218ms, keeping it commented out
commenting out line Lines { lines: 989..=989 } in "./tmp/134/temporal_logic/rules.rs"
verus failed with time: 32636ms, reverting
commenting out line Lines { lines: 990..=990 } in "./tmp/134/temporal_logic/rules.rs"
verus failed with time: 32871ms, reverting
commenting out line Lines { lines: 663..=663 } in "./tmp/83/kubernetes_cluster/proof/message.rs"
verus succeeded with time: 37145ms, keeping it commented out
commenting out line Lines { lines: 992..=992 } in "./tmp/134/temporal_logic/rules.rs"
verus succeeded with time: 33501ms, keeping it commented out
commenting out line Lines { lines: 664..=664 } in "./tmp/83/kubernetes_cluster/proof/message.rs"
verus succeeded with time: 36648ms, keeping it commented out
commenting out line Lines { lines: 987..=994 } in "./tmp/134/temporal_logic/rules.rs"
verus failed with time: 33675ms, reverting
commenting out line Lines { lines: 668..=668 } in "./tmp/83/kubernetes_cluster/proof/message.rs"
verus succeeded with time: 36671ms, keeping it commented out
commenting out line Lines { lines: 985..=995 } in "./tmp/134/temporal_logic/rules.rs"
verus failed with time: 33453ms, reverting
commenting out line Lines { lines: 670..=670 } in "./tmp/83/kubernetes_cluster/proof/message.rs"
verus succeeded with time: 36746ms, keeping it commented out
commenting out line Lines { lines: 984..=996 } in "./tmp/134/temporal_logic/rules.rs"
verus failed with time: 32937ms, reverting
commenting out line Lines { lines: 671..=671 } in "./tmp/83/kubernetes_cluster/proof/message.rs"
verus succeeded with time: 36108ms, keeping it commented out
commenting out line Lines { lines: 1011..=1014 } in "./tmp/134/temporal_logic/rules.rs"
verus failed with time: 33017ms, reverting
commenting out line Lines { lines: 672..=673 } in "./tmp/83/kubernetes_cluster/proof/message.rs"
verus succeeded with time: 36074ms, keeping it commented out
commenting out line Lines { lines: 1085..=1091 } in "./tmp/134/temporal_logic/rules.rs"
verus failed with time: 32655ms, reverting
commenting out line Lines { lines: 675..=675 } in "./tmp/83/kubernetes_cluster/proof/message.rs"
verus succeeded with time: 35727ms, keeping it commented out
commenting out line Lines { lines: 1084..=1092 } in "./tmp/134/temporal_logic/rules.rs"
verus failed with time: 32487ms, reverting
commenting out line Lines { lines: 676..=676 } in "./tmp/83/kubernetes_cluster/proof/message.rs"
verus succeeded with time: 36639ms, keeping it commented out
commenting out line Lines { lines: 1107..=1110 } in "./tmp/134/temporal_logic/rules.rs"
verus succeeded with time: 32551ms, keeping it commented out
commenting out line Lines { lines: 678..=678 } in "./tmp/83/kubernetes_cluster/proof/message.rs"
verus succeeded with time: 35975ms, keeping it commented out
commenting out line Lines { lines: 1104..=1111 } in "./tmp/134/temporal_logic/rules.rs"
verus failed with time: 32563ms, reverting
commenting out line Lines { lines: 682..=682 } in "./tmp/83/kubernetes_cluster/proof/message.rs"
verus succeeded with time: 36033ms, keeping it commented out
commenting out line Lines { lines: 1125..=1128 } in "./tmp/134/temporal_logic/rules.rs"
verus failed with time: 32958ms, reverting
commenting out line Lines { lines: 1152..=1154 } in "./tmp/134/temporal_logic/rules.rs"
verus failed with time: 32845ms, reverting
commenting out line Lines { lines: 684..=684 } in "./tmp/83/kubernetes_cluster/proof/message.rs"
verus succeeded with time: 36161ms, keeping it commented out
commenting out line Lines { lines: 1147..=1155 } in "./tmp/134/temporal_logic/rules.rs"
verus failed with time: 33064ms, reverting
commenting out line Lines { lines: 685..=685 } in "./tmp/83/kubernetes_cluster/proof/message.rs"
verus succeeded with time: 36012ms, keeping it commented out
commenting out line Lines { lines: 1195..=1216 } in "./tmp/134/temporal_logic/rules.rs"
verus failed with time: 32994ms, reverting
commenting out line Lines { lines: 686..=686 } in "./tmp/83/kubernetes_cluster/proof/message.rs"
verus succeeded with time: 37283ms, keeping it commented out
commenting out line Lines { lines: 1194..=1217 } in "./tmp/134/temporal_logic/rules.rs"
verus failed with time: 32858ms, reverting
commenting out line Lines { lines: 688..=688 } in "./tmp/83/kubernetes_cluster/proof/message.rs"
verus succeeded with time: 36324ms, keeping it commented out
commenting out line Lines { lines: 1240..=1240 } in "./tmp/134/temporal_logic/rules.rs"
verus succeeded with time: 32691ms, keeping it commented out
commenting out line Lines { lines: 691..=691 } in "./tmp/83/kubernetes_cluster/proof/message.rs"
verus succeeded with time: 36532ms, keeping it commented out
commenting out line Lines { lines: 1239..=1247 } in "./tmp/134/temporal_logic/rules.rs"
verus failed with time: 32544ms, reverting
commenting out line Lines { lines: 692..=692 } in "./tmp/83/kubernetes_cluster/proof/message.rs"
verus failed with time: 37067ms, reverting
commenting out line Lines { lines: 1238..=1248 } in "./tmp/134/temporal_logic/rules.rs"
verus failed with time: 32978ms, reverting
commenting out line Lines { lines: 695..=695 } in "./tmp/83/kubernetes_cluster/proof/message.rs"
verus failed with time: 38129ms, reverting
commenting out line Lines { lines: 1264..=1267 } in "./tmp/134/temporal_logic/rules.rs"
verus failed with time: 32791ms, reverting
commenting out line Lines { lines: 696..=696 } in "./tmp/83/kubernetes_cluster/proof/message.rs"
verus succeeded with time: 37225ms, keeping it commented out
commenting out line Lines { lines: 1294..=1297 } in "./tmp/134/temporal_logic/rules.rs"
verus failed with time: 32518ms, reverting
commenting out line Lines { lines: 1293..=1298 } in "./tmp/134/temporal_logic/rules.rs"
verus failed with time: 32738ms, reverting
commenting out line Lines { lines: 650..=699 } in "./tmp/83/kubernetes_cluster/proof/message.rs"
verus failed with time: 34292ms, reverting
commenting out line Lines { lines: 1314..=1317 } in "./tmp/134/temporal_logic/rules.rs"
verus failed with time: 32852ms, reverting
commenting out line Lines { lines: 649..=700 } in "./tmp/83/kubernetes_cluster/proof/message.rs"
verus failed with time: 33936ms, reverting
commenting out line Lines { lines: 1331..=1339 } in "./tmp/134/temporal_logic/rules.rs"
verus failed with time: 33026ms, reverting
commenting out line Lines { lines: 754..=754 } in "./tmp/83/kubernetes_cluster/proof/message.rs"
verus succeeded with time: 36364ms, keeping it commented out
commenting out line Lines { lines: 1330..=1340 } in "./tmp/134/temporal_logic/rules.rs"
verus failed with time: 33743ms, reverting
commenting out line Lines { lines: 759..=759 } in "./tmp/83/kubernetes_cluster/proof/message.rs"
verus failed with time: 38773ms, reverting
commenting out line Lines { lines: 1329..=1341 } in "./tmp/134/temporal_logic/rules.rs"
verus failed with time: 32609ms, reverting
commenting out line Lines { lines: 762..=762 } in "./tmp/83/kubernetes_cluster/proof/message.rs"
verus succeeded with time: 36427ms, keeping it commented out
commenting out line Lines { lines: 1366..=1369 } in "./tmp/134/temporal_logic/rules.rs"
verus failed with time: 32408ms, reverting
commenting out line Lines { lines: 764..=764 } in "./tmp/83/kubernetes_cluster/proof/message.rs"
verus succeeded with time: 35921ms, keeping it commented out
commenting out line Lines { lines: 1359..=1371 } in "./tmp/134/temporal_logic/rules.rs"
verus failed with time: 32483ms, reverting
commenting out line Lines { lines: 767..=767 } in "./tmp/83/kubernetes_cluster/proof/message.rs"
verus succeeded with time: 37272ms, keeping it commented out
commenting out line Lines { lines: 1358..=1372 } in "./tmp/134/temporal_logic/rules.rs"
verus failed with time: 32380ms, reverting
commenting out line Lines { lines: 771..=771 } in "./tmp/83/kubernetes_cluster/proof/message.rs"
verus succeeded with time: 37700ms, keeping it commented out
commenting out line Lines { lines: 1387..=1393 } in "./tmp/134/temporal_logic/rules.rs"
verus failed with time: 32455ms, reverting
commenting out line Lines { lines: 773..=773 } in "./tmp/83/kubernetes_cluster/proof/message.rs"
verus succeeded with time: 37003ms, keeping it commented out
commenting out line Lines { lines: 1410..=1425 } in "./tmp/134/temporal_logic/rules.rs"
verus failed with time: 33107ms, reverting
commenting out line Lines { lines: 1408..=1426 } in "./tmp/134/temporal_logic/rules.rs"
verus failed with time: 33212ms, reverting
commenting out line Lines { lines: 774..=774 } in "./tmp/83/kubernetes_cluster/proof/message.rs"
verus succeeded with time: 36236ms, keeping it commented out
commenting out line Lines { lines: 1483..=1488 } in "./tmp/134/temporal_logic/rules.rs"
verus failed with time: 33134ms, reverting
commenting out line Lines { lines: 775..=776 } in "./tmp/83/kubernetes_cluster/proof/message.rs"
verus succeeded with time: 36555ms, keeping it commented out
commenting out line Lines { lines: 1482..=1489 } in "./tmp/134/temporal_logic/rules.rs"
verus failed with time: 33125ms, reverting
commenting out line Lines { lines: 778..=778 } in "./tmp/83/kubernetes_cluster/proof/message.rs"
verus succeeded with time: 37419ms, keeping it commented out
commenting out line Lines { lines: 1610..=1612 } in "./tmp/134/temporal_logic/rules.rs"
verus failed with time: 32843ms, reverting
commenting out line Lines { lines: 779..=779 } in "./tmp/83/kubernetes_cluster/proof/message.rs"
verus succeeded with time: 36029ms, keeping it commented out
commenting out line Lines { lines: 1613..=1615 } in "./tmp/134/temporal_logic/rules.rs"
verus failed with time: 32934ms, reverting
commenting out line Lines { lines: 781..=781 } in "./tmp/83/kubernetes_cluster/proof/message.rs"
verus succeeded with time: 35947ms, keeping it commented out
commenting out line Lines { lines: 1621..=1621 } in "./tmp/134/temporal_logic/rules.rs"
verus succeeded with time: 32914ms, keeping it commented out
commenting out line Lines { lines: 785..=785 } in "./tmp/83/kubernetes_cluster/proof/message.rs"
verus succeeded with time: 37049ms, keeping it commented out
commenting out line Lines { lines: 1622..=1622 } in "./tmp/134/temporal_logic/rules.rs"
verus failed with time: 32580ms, reverting
commenting out line Lines { lines: 787..=787 } in "./tmp/83/kubernetes_cluster/proof/message.rs"
verus succeeded with time: 36868ms, keeping it commented out
commenting out line Lines { lines: 1623..=1623 } in "./tmp/134/temporal_logic/rules.rs"
verus succeeded with time: 32521ms, keeping it commented out
commenting out line Lines { lines: 788..=788 } in "./tmp/83/kubernetes_cluster/proof/message.rs"
verus succeeded with time: 36393ms, keeping it commented out
commenting out line Lines { lines: 1624..=1624 } in "./tmp/134/temporal_logic/rules.rs"
verus succeeded with time: 32541ms, keeping it commented out
commenting out line Lines { lines: 1631..=1631 } in "./tmp/134/temporal_logic/rules.rs"
verus succeeded with time: 32993ms, keeping it commented out
commenting out line Lines { lines: 789..=789 } in "./tmp/83/kubernetes_cluster/proof/message.rs"
verus succeeded with time: 37146ms, keeping it commented out
commenting out line Lines { lines: 1632..=1632 } in "./tmp/134/temporal_logic/rules.rs"
verus succeeded with time: 32805ms, keeping it commented out
commenting out line Lines { lines: 791..=791 } in "./tmp/83/kubernetes_cluster/proof/message.rs"
verus succeeded with time: 37146ms, keeping it commented out
commenting out line Lines { lines: 1633..=1633 } in "./tmp/134/temporal_logic/rules.rs"
verus failed with time: 32859ms, reverting
commenting out line Lines { lines: 794..=794 } in "./tmp/83/kubernetes_cluster/proof/message.rs"
verus succeeded with time: 37096ms, keeping it commented out
commenting out line Lines { lines: 1640..=1640 } in "./tmp/134/temporal_logic/rules.rs"
verus succeeded with time: 32218ms, keeping it commented out
commenting out line Lines { lines: 795..=795 } in "./tmp/83/kubernetes_cluster/proof/message.rs"
verus succeeded with time: 37260ms, keeping it commented out
commenting out line Lines { lines: 1641..=1641 } in "./tmp/134/temporal_logic/rules.rs"
verus succeeded with time: 32701ms, keeping it commented out
commenting out line Lines { lines: 796..=796 } in "./tmp/83/kubernetes_cluster/proof/message.rs"
verus succeeded with time: 37018ms, keeping it commented out
commenting out line Lines { lines: 1643..=1643 } in "./tmp/134/temporal_logic/rules.rs"
verus failed with time: 32540ms, reverting
commenting out line Lines { lines: 799..=799 } in "./tmp/83/kubernetes_cluster/proof/message.rs"
verus succeeded with time: 37100ms, keeping it commented out
commenting out line Lines { lines: 1644..=1644 } in "./tmp/134/temporal_logic/rules.rs"
verus succeeded with time: 32555ms, keeping it commented out
commenting out line Lines { lines: 800..=800 } in "./tmp/83/kubernetes_cluster/proof/message.rs"
verus succeeded with time: 36766ms, keeping it commented out
commenting out line Lines { lines: 1639..=1647 } in "./tmp/134/temporal_logic/rules.rs"
verus failed with time: 32736ms, reverting
commenting out line Lines { lines: 749..=803 } in "./tmp/83/kubernetes_cluster/proof/message.rs"
verus failed with time: 38284ms, reverting
commenting out line Lines { lines: 1609..=1649 } in "./tmp/134/temporal_logic/rules.rs"
verus failed with time: 33286ms, reverting
commenting out line Lines { lines: 1608..=1650 } in "./tmp/134/temporal_logic/rules.rs"
verus failed with time: 33144ms, reverting
commenting out line Lines { lines: 747..=804 } in "./tmp/83/kubernetes_cluster/proof/message.rs"
verus failed with time: 38834ms, reverting
minimization of ./tmp/83/kubernetes_cluster/proof/message.rs is completed
commenting out line Lines { lines: 1668..=1687 } in "./tmp/134/temporal_logic/rules.rs"
verus failed with time: 31608ms, reverting
commenting out line Lines { lines: 1667..=1688 } in "./tmp/134/temporal_logic/rules.rs"
verus failed with time: 30964ms, reverting
commenting out line Lines { lines: 1722..=1727 } in "./tmp/134/temporal_logic/rules.rs"
verus failed with time: 31513ms, reverting
commenting out line Lines { lines: 1721..=1729 } in "./tmp/134/temporal_logic/rules.rs"
verus failed with time: 31712ms, reverting
commenting out line Lines { lines: 1707..=1732 } in "./tmp/134/temporal_logic/rules.rs"
verus failed with time: 29810ms, reverting
commenting out line Lines { lines: 1706..=1733 } in "./tmp/134/temporal_logic/rules.rs"
verus failed with time: 31534ms, reverting
commenting out line Lines { lines: 1746..=1758 } in "./tmp/134/temporal_logic/rules.rs"
verus failed with time: 31705ms, reverting
commenting out line Lines { lines: 1745..=1759 } in "./tmp/134/temporal_logic/rules.rs"
verus failed with time: 31466ms, reverting
commenting out line Lines { lines: 1793..=1795 } in "./tmp/134/temporal_logic/rules.rs"
verus failed with time: 31773ms, reverting
commenting out line Lines { lines: 1826..=1828 } in "./tmp/134/temporal_logic/rules.rs"
verus failed with time: 31115ms, reverting
commenting out line Lines { lines: 1866..=1866 } in "./tmp/134/temporal_logic/rules.rs"
verus succeeded with time: 31636ms, keeping it commented out
commenting out line Lines { lines: 1868..=1868 } in "./tmp/134/temporal_logic/rules.rs"
verus failed with time: 30003ms, reverting
commenting out line Lines { lines: 1869..=1869 } in "./tmp/134/temporal_logic/rules.rs"
verus succeeded with time: 31902ms, keeping it commented out
commenting out line Lines { lines: 1863..=1872 } in "./tmp/134/temporal_logic/rules.rs"
verus failed with time: 30111ms, reverting
commenting out line Lines { lines: 1862..=1873 } in "./tmp/134/temporal_logic/rules.rs"
verus failed with time: 31256ms, reverting
commenting out line Lines { lines: 1890..=1893 } in "./tmp/134/temporal_logic/rules.rs"
verus failed with time: 30753ms, reverting
commenting out line Lines { lines: 1889..=1894 } in "./tmp/134/temporal_logic/rules.rs"
verus failed with time: 30567ms, reverting
minimization of ./tmp/134/temporal_logic/rules.rs is completed
